ngc/core/Logs.php
ngc/core/IniFile.php
ngc/core/Core.php
ngc/core/MySQL.php
ngc/core/Migration.php
ngc/core/Request.php
ngc/core/FtpService.php
ngc/core/BitFunctions.php
ngc/core/BitArray.php
ngc/core/JournalService.php
ngc/core/AppBuffer.php
ngc/core/BinaryFile.php
ngc/core/ADM.php
ngc/services/GuardPattern.php
ngc/services/GuardDriver.php
ngc/services/FaceDetector.php
ngc/services/DataBaseBackup.php
ngc/services/StringConverter.php
ngc/extensions/MediaFunctions.php
ngc/extensions/AppStorage.php
ngc/extensions/VolumeIntegrity.php
ngc/extensions/VolumeInfo.php
ngc/library/FtpClient/FtpClient.php
ngc/library/FtpClient/FtpException.php
ngc/library/FtpClient/FtpWrapper.php